Arguments: 
  /usr/local/Cellar/node/17.3.0/bin/node /usr/local/Cellar/yarn/1.22.17_2/libexec/bin/yarn.js add @mikro-orm/cli

PATH: 
  /Users/zaquiel/google-cloud-sdk/bin:/usr/local/bin:/usr/bin:/bin:/usr/sbin:/sbin:/Library/Apple/usr/bin:/Users/zaquiel/Library/Mobile Documents/com~apple~CloudDocs/github.nosync/react-graphql/node_modules/.bin:/Applications/apache-maven-3.1.1/bin

Yarn version: 
  1.22.17

Node version: 
  17.3.0

Platform: 
  darwin x64

Trace: 
  SyntaxError: /Users/zaquiel/Library/Mobile Documents/com~apple~CloudDocs/github.nosync/react-graphql/package.json: Unexpected token } in JSON at position 866
      at JSON.parse (<anonymous>)
      at /usr/local/Cellar/yarn/1.22.17_2/libexec/lib/cli.js:1625:59
      at Generator.next (<anonymous>)
      at step (/usr/local/Cellar/yarn/1.22.17_2/libexec/lib/cli.js:310:30)
      at /usr/local/Cellar/yarn/1.22.17_2/libexec/lib/cli.js:321:13

npm manifest: 
  {
    "name": "react-graphql",
    "version": "1.0.0",
    "description": "",
    "main": "index.js",
    "scripts": {
      "dev": "nodemon dist/index.js",
      "dev2": "nodemon --exec ts-node src/index.ts",
      "start": "node dist/index.js",
      "start2": "ts-node src/index.ts",
      "test": "echo \"Error: no test specified\" && exit 1",
      "watch": "tsc -w"
    },
    "repository": {
      "type": "git",
      "url": "git+https://github.com/zaquielverse/react-graphql.git"
    },
    "keywords": [],
    "author": "",
    "license": "ISC",
    "bugs": {
      "url": "https://github.com/zaquielverse/react-graphql/issues"
    },
    "homepage": "https://github.com/zaquielverse/react-graphql#readme",
    "devDependencies": {
      "@types/node": "^17.0.6",
      "nodemon": "^2.0.15",
      "ts-node": "^10.4.0",
      "typescript": "^4.5.4"
    },
    "dependencies": {
      "@mikro-orm/core": "^4.5.10"
    },
  }

yarn manifest: 
  No manifest

Lockfile: 
  # THIS IS AN AUTOGENERATED FILE. DO NOT EDIT THIS FILE DIRECTLY.
  # yarn lockfile v1
  
  
  "@cspotcode/source-map-consumer@0.8.0":
    "integrity" "sha1-M79LeznBeIIWBvZpu8RHpqYpeGs="
    "resolved" "https://globaldevtools.bbva.com:443/artifactory/api/npm/npm-repo/@cspotcode/source-map-consumer/-/source-map-consumer-0.8.0.tgz"
    "version" "0.8.0"
  
  "@cspotcode/source-map-support@0.7.0":
    "integrity" "sha1-R4mECqhZ5G0vMXNyercHxmvzRPU="
    "resolved" "https://globaldevtools.bbva.com:443/artifactory/api/npm/npm-repo/@cspotcode/source-map-support/-/source-map-support-0.7.0.tgz"
    "version" "0.7.0"
    dependencies:
      "@cspotcode/source-map-consumer" "0.8.0"
  
  "@mikro-orm/core@^4.5.10":
    "integrity" "sha1-GVIiZUvR4lZIv/0oLRPxwq15grM="
    "resolved" "https://globaldevtools.bbva.com:443/artifactory/api/npm/npm-repo/@mikro-orm/core/-/core-4.5.10.tgz"
    "version" "4.5.10"
    dependencies:
      "ansi-colors" "4.1.1"
      "clone" "2.1.2"
      "dotenv" "8.2.0"
      "escaya" "0.0.61"
      "fs-extra" "9.1.0"
      "globby" "11.0.3"
      "reflect-metadata" "0.1.13"
      "strip-json-comments" "3.1.1"
  
  "@nodelib/fs.scandir@2.1.5":
    "integrity" "sha1-dhnC6yGyVIP20WdUi0z9WnSIw9U="
    "resolved" "https://globaldevtools.bbva.com:443/artifactory/api/npm/npm-repo/@nodelib/fs.scandir/-/fs.scandir-2.1.5.tgz"
    "version" "2.1.5"
    dependencies:
      "@nodelib/fs.stat" "2.0.5"
      "run-parallel" "^1.1.9"
  
  "@nodelib/fs.stat@^2.0.2", "@nodelib/fs.stat@2.0.5":
    "integrity" "sha1-W9Jir5Tp0lvR5xsF3u1Eh2oiLos="
    "resolved" "https://globaldevtools.bbva.com:443/artifactory/api/npm/npm-repo/@nodelib/fs.stat/-/fs.stat-2.0.5.tgz"
    "version" "2.0.5"
  
  "@nodelib/fs.walk@^1.2.3":
    "integrity" "sha1-6Vc36LtnRt3t9pxVaVNJTxlv5po="
    "resolved" "https://globaldevtools.bbva.com:443/artifactory/api/npm/npm-repo/@nodelib/fs.walk/-/fs.walk-1.2.8.tgz"
    "version" "1.2.8"
    dependencies:
      "@nodelib/fs.scandir" "2.1.5"
      "fastq" "^1.6.0"
  
  "@sindresorhus/is@^0.14.0":
    "integrity" "sha1-n7OjzzEyMoFR81PeRjLgHlIQK+o="
    "resolved" "https://globaldevtools.bbva.com:443/artifactory/api/npm/npm-repo/@sindresorhus/is/-/is-0.14.0.tgz"
    "version" "0.14.0"
  
  "@szmarczak/http-timer@^1.1.2":
    "integrity" "sha1-sWZeLEYaLNkvTBu/UNVFTeDUtCE="
    "resolved" "https://globaldevtools.bbva.com:443/artifactory/api/npm/npm-repo/@szmarczak/http-timer/-/http-timer-1.1.2.tgz"
    "version" "1.1.2"
    dependencies:
      "defer-to-connect" "^1.0.1"
  
  "@tsconfig/node10@^1.0.7":
    "integrity" "sha1-weToDW+WT77LM1nEO9SLQPfK2tk="
    "resolved" "https://globaldevtools.bbva.com:443/artifactory/api/npm/npm-repo/@tsconfig/node10/-/node10-1.0.8.tgz"
    "version" "1.0.8"
  
  "@tsconfig/node12@^1.0.7":
    "integrity" "sha1-YsH23uLr2a6tgNw6+laBDljhoEw="
    "resolved" "https://globaldevtools.bbva.com:443/artifactory/api/npm/npm-repo/@tsconfig/node12/-/node12-1.0.9.tgz"
    "version" "1.0.9"
  
  "@tsconfig/node14@^1.0.0":
    "integrity" "sha1-lfLRZ/+5uNIGiwsjUwL6/U33EfI="
    "resolved" "https://globaldevtools.bbva.com:443/artifactory/api/npm/npm-repo/@tsconfig/node14/-/node14-1.0.1.tgz"
    "version" "1.0.1"
  
  "@tsconfig/node16@^1.0.2":
    "integrity" "sha1-Qjx3h30Fadsg4fyAiFrEEYMUAQ4="
    "resolved" "https://globaldevtools.bbva.com:443/artifactory/api/npm/npm-repo/@tsconfig/node16/-/node16-1.0.2.tgz"
    "version" "1.0.2"
  
  "@types/node@*", "@types/node@^17.0.6":
    "integrity" "sha1-zBWJye6FOzieZ+j7Q4Tg8lChObk="
    "resolved" "https://globaldevtools.bbva.com:443/artifactory/api/npm/npm-repo/@types/node/-/node-17.0.6.tgz"
    "version" "17.0.6"
  
  "abbrev@1":
    "integrity" "sha1-+PLIh60Qv2f2NPAFtph/7TF5qsg="
    "resolved" "https://globaldevtools.bbva.com:443/artifactory/api/npm/npm-repo/abbrev/-/abbrev-1.1.1.tgz"
    "version" "1.1.1"
  
  "acorn-walk@^8.1.1":
    "integrity" "sha1-dBIQ8uJCZFRQiFOi9E0KuDt/acE="
    "resolved" "https://globaldevtools.bbva.com:443/artifactory/api/npm/npm-repo/acorn-walk/-/acorn-walk-8.2.0.tgz"
    "version" "8.2.0"
  
  "acorn@^8.4.1":
    "integrity" "sha1-kJUf3g+PCd+TVJSB5fwUFEW3kc8="
    "resolved" "https://globaldevtools.bbva.com:443/artifactory/api/npm/npm-repo/acorn/-/acorn-8.7.0.tgz"
    "version" "8.7.0"
  
  "ansi-align@^3.0.0":
    "integrity" "sha1-DN8S4RGs53OobpofrRIlxDyxmlk="
    "resolved" "https://globaldevtools.bbva.com:443/artifactory/api/npm/npm-repo/ansi-align/-/ansi-align-3.0.1.tgz"
    "version" "3.0.1"
    dependencies:
      "string-width" "^4.1.0"
  
  "ansi-colors@4.1.1":
    "integrity" "sha1-y7muJWv3UK8eqzRPIpqif+lLo0g="
    "resolved" "https://globaldevtools.bbva.com:443/artifactory/api/npm/npm-repo/ansi-colors/-/ansi-colors-4.1.1.tgz"
    "version" "4.1.1"
  
  "ansi-regex@^5.0.1":
    "integrity" "sha1-CCyyyJyf6GWaMRpTvWpNxTAdswQ="
    "resolved" "https://globaldevtools.bbva.com:443/artifactory/api/npm/npm-repo/ansi-regex/-/ansi-regex-5.0.1.tgz"
    "version" "5.0.1"
  
  "ansi-styles@^4.0.0", "ansi-styles@^4.1.0":
    "integrity" "sha1-7dgDYornHATIWuegkG7a00tkiTc="
    "resolved" "https://globaldevtools.bbva.com:443/artifactory/api/npm/npm-repo/ansi-styles/-/ansi-styles-4.3.0.tgz"
    "version" "4.3.0"
    dependencies:
      "color-convert" "^2.0.1"
  
  "anymatch@~3.1.2":
    "integrity" "sha1-wFV8CWrzLxBhmPT04qODU343hxY="
    "resolved" "https://globaldevtools.bbva.com:443/artifactory/api/npm/npm-repo/anymatch/-/anymatch-3.1.2.tgz"
    "version" "3.1.2"
    dependencies:
      "normalize-path" "^3.0.0"
      "picomatch" "^2.0.4"
  
  "arg@^4.1.0":
    "integrity" "sha1-Jp/HrVuOQstjyJbVZmAXJhwUQIk="
    "resolved" "https://globaldevtools.bbva.com:443/artifactory/api/npm/npm-repo/arg/-/arg-4.1.3.tgz"
    "version" "4.1.3"
  
  "array-union@^2.1.0":
    "integrity" "sha1-t5hCCtvrHego2ErNii4j0+/oXo0="
    "resolved" "https://globaldevtools.bbva.com:443/artifactory/api/npm/npm-repo/array-union/-/array-union-2.1.0.tgz"
    "version" "2.1.0"
  
  "at-least-node@^1.0.0":
    "integrity" "sha1-YCzUtG6EStTv/JKoARo8RuAjjcI="
    "resolved" "https://globaldevtools.bbva.com:443/artifactory/api/npm/npm-repo/at-least-node/-/at-least-node-1.0.0.tgz"
    "version" "1.0.0"
  
  "balanced-match@^1.0.0":
    "integrity" "sha1-6D46fj8wCzTLnYf2FfoMvzV2kO4="
    "resolved" "https://globaldevtools.bbva.com:443/artifactory/api/npm/npm-repo/balanced-match/-/balanced-match-1.0.2.tgz"
    "version" "1.0.2"
  
  "binary-extensions@^2.0.0":
    "integrity" "sha1-dfUC7q+f/eQvyYgpZFvk6na9ni0="
    "resolved" "https://globaldevtools.bbva.com:443/artifactory/api/npm/npm-repo/binary-extensions/-/binary-extensions-2.2.0.tgz"
    "version" "2.2.0"
  
  "boxen@^5.0.0":
    "integrity" "sha1-eIy2hvyDwfSG36ikDGj8K4MdK1A="
    "resolved" "https://globaldevtools.bbva.com:443/artifactory/api/npm/npm-repo/boxen/-/boxen-5.1.2.tgz"
    "version" "5.1.2"
    dependencies:
      "ansi-align" "^3.0.0"
      "camelcase" "^6.2.0"
      "chalk" "^4.1.0"
      "cli-boxes" "^2.2.1"
      "string-width" "^4.2.2"
      "type-fest" "^0.20.2"
      "widest-line" "^3.1.0"
      "wrap-ansi" "^7.0.0"
  
  "brace-expansion@^1.1.7":
    "integrity" "sha1-PH/L9SnYcibz0vUrlm/1Jx60Qd0="
    "resolved" "https://globaldevtools.bbva.com:443/artifactory/api/npm/npm-repo/brace-expansion/-/brace-expansion-1.1.11.tgz"
    "version" "1.1.11"
    dependencies:
      "balanced-match" "^1.0.0"
      "concat-map" "0.0.1"
  
  "braces@^3.0.1", "braces@~3.0.2":
    "integrity" "sha1-NFThpGLujVmeI23zNs2epPiv4Qc="
    "resolved" "https://globaldevtools.bbva.com:443/artifactory/api/npm/npm-repo/braces/-/braces-3.0.2.tgz"
    "version" "3.0.2"
    dependencies:
      "fill-range" "^7.0.1"
  
  "cacheable-request@^6.0.0":
    "integrity" "sha1-IP+4vRYrpL4R6VZ9gj22UQUsqRI="
    "resolved" "https://globaldevtools.bbva.com:443/artifactory/api/npm/npm-repo/cacheable-request/-/cacheable-request-6.1.0.tgz"
    "version" "6.1.0"
    dependencies:
      "clone-response" "^1.0.2"
      "get-stream" "^5.1.0"
      "http-cache-semantics" "^4.0.0"
      "keyv" "^3.0.0"
      "lowercase-keys" "^2.0.0"
      "normalize-url" "^4.1.0"
      "responselike" "^1.0.2"
  
  "camelcase@^6.2.0":
    "integrity" "sha1-VoW5XrIJrJwMF3Rnd4ychN9Yupo="
    "resolved" "https://globaldevtools.bbva.com:443/artifactory/api/npm/npm-repo/camelcase/-/camelcase-6.3.0.tgz"
    "version" "6.3.0"
  
  "chalk@^4.1.0":
    "integrity" "sha1-qsTit3NKdAhnrrFr8CqtVWoeegE="
    "resolved" "https://globaldevtools.bbva.com:443/artifactory/api/npm/npm-repo/chalk/-/chalk-4.1.2.tgz"
    "version" "4.1.2"
    dependencies:
      "ansi-styles" "^4.1.0"
      "supports-color" "^7.1.0"
  
  "chokidar@^3.5.2":
    "integrity" "sha1-26OXb8rbAW9m/TZQIdkWANAcHnU="
    "resolved" "https://globaldevtools.bbva.com:443/artifactory/api/npm/npm-repo/chokidar/-/chokidar-3.5.2.tgz"
    "version" "3.5.2"
    dependencies:
      "anymatch" "~3.1.2"
      "braces" "~3.0.2"
      "glob-parent" "~5.1.2"
      "is-binary-path" "~2.1.0"
      "is-glob" "~4.0.1"
      "normalize-path" "~3.0.0"
      "readdirp" "~3.6.0"
    optionalDependencies:
      "fsevents" "~2.3.2"
  
  "ci-info@^2.0.0":
    "integrity" "sha1-Z6npZL4xpR4V5QENWObxKDQAL0Y="
    "resolved" "https://globaldevtools.bbva.com:443/artifactory/api/npm/npm-repo/ci-info/-/ci-info-2.0.0.tgz"
    "version" "2.0.0"
  
  "cli-boxes@^2.2.1":
    "integrity" "sha1-3dUDXSUJT84iDpyrQKRYQKRAMY8="
    "resolved" "https://globaldevtools.bbva.com:443/artifactory/api/npm/npm-repo/cli-boxes/-/cli-boxes-2.2.1.tgz"
    "version" "2.2.1"
  
  "clone-response@^1.0.2":
    "integrity" "sha1-0dyXOSAxTfZ/vrlCI7TuNQI56Ws="
    "resolved" "https://globaldevtools.bbva.com:443/artifactory/api/npm/npm-repo/clone-response/-/clone-response-1.0.2.tgz"
    "version" "1.0.2"
    dependencies:
      "mimic-response" "^1.0.0"
  
  "clone@2.1.2":
    "integrity" "sha1-G39Ln1kfHo+DZwQBYANFoCiHQ18="
    "resolved" "https://globaldevtools.bbva.com:443/artifactory/api/npm/npm-repo/clone/-/clone-2.1.2.tgz"
    "version" "2.1.2"
  
  "color-convert@^2.0.1":
    "integrity" "sha1-ctOmjVmMm9s68q0ehPIdiWq9TeM="
    "resolved" "https://globaldevtools.bbva.com:443/artifactory/api/npm/npm-repo/color-convert/-/color-convert-2.0.1.tgz"
    "version" "2.0.1"
    dependencies:
      "color-name" "~1.1.4"
  
  "color-name@~1.1.4":
    "integrity" "sha1-wqCah6y95pVD3m9j+jmVyCbFNqI="
    "resolved" "https://globaldevtools.bbva.com:443/artifactory/api/npm/npm-repo/color-name/-/color-name-1.1.4.tgz"
    "version" "1.1.4"
  
  "concat-map@0.0.1":
    "integrity" "sha1-2Klr13/Wjfd5OnMDajug1UBdR3s="
    "resolved" "https://globaldevtools.bbva.com:443/artifactory/api/npm/npm-repo/concat-map/-/concat-map-0.0.1.tgz"
    "version" "0.0.1"
  
  "configstore@^5.0.1":
    "integrity" "sha1-02UCG130uYzdGH1qOw4/anzF7ZY="
    "resolved" "https://globaldevtools.bbva.com:443/artifactory/api/npm/npm-repo/configstore/-/configstore-5.0.1.tgz"
    "version" "5.0.1"
    dependencies:
      "dot-prop" "^5.2.0"
      "graceful-fs" "^4.1.2"
      "make-dir" "^3.0.0"
      "unique-string" "^2.0.0"
      "write-file-atomic" "^3.0.0"
      "xdg-basedir" "^4.0.0"
  
  "create-require@^1.1.0":
    "integrity" "sha1-wdfo8eX2z8n/ZfnNNS03NIdWwzM="
    "resolved" "https://globaldevtools.bbva.com:443/artifactory/api/npm/npm-repo/create-require/-/create-require-1.1.1.tgz"
    "version" "1.1.1"
  
  "crypto-random-string@^2.0.0":
    "integrity" "sha1-7yp6lm7BEIM4g2m6oC6+rSKbMNU="
    "resolved" "https://globaldevtools.bbva.com:443/artifactory/api/npm/npm-repo/crypto-random-string/-/crypto-random-string-2.0.0.tgz"
    "version" "2.0.0"
  
  "debug@^3.2.7":
    "integrity" "sha1-clgLfpFF+zm2Z2+cXl+xALk0F5o="
    "resolved" "https://globaldevtools.bbva.com:443/artifactory/api/npm/npm-repo/debug/-/debug-3.2.7.tgz"
    "version" "3.2.7"
    dependencies:
      "ms" "^2.1.1"
  
  "decompress-response@^3.3.0":
    "integrity" "sha1-gKTdMjdIOEv6JICDYirt7Jgq3/M="
    "resolved" "https://globaldevtools.bbva.com:443/artifactory/api/npm/npm-repo/decompress-response/-/decompress-response-3.3.0.tgz"
    "version" "3.3.0"
    dependencies:
      "mimic-response" "^1.0.0"
  
  "deep-extend@^0.6.0":
    "integrity" "sha1-xPp8lUBKF6nD6Mp+FTcxK3NjMKw="
    "resolved" "https://globaldevtools.bbva.com:443/artifactory/api/npm/npm-repo/deep-extend/-/deep-extend-0.6.0.tgz"
    "version" "0.6.0"
  
  "defer-to-connect@^1.0.1":
    "integrity" "sha1-MxrgUMCNz3ifjIOnuB8O2U9KxZE="
    "resolved" "https://globaldevtools.bbva.com:443/artifactory/api/npm/npm-repo/defer-to-connect/-/defer-to-connect-1.1.3.tgz"
    "version" "1.1.3"
  
  "diff@^4.0.1":
    "integrity" "sha1-YPOuy4nV+uUgwRqhnvwruYKq3n0="
    "resolved" "https://globaldevtools.bbva.com:443/artifactory/api/npm/npm-repo/diff/-/diff-4.0.2.tgz"
    "version" "4.0.2"
  
  "dir-glob@^3.0.1":
    "integrity" "sha1-Vtv3PZkqSpO6FYT0U0Bj/S5BcX8="
    "resolved" "https://globaldevtools.bbva.com:443/artifactory/api/npm/npm-repo/dir-glob/-/dir-glob-3.0.1.tgz"
    "version" "3.0.1"
    dependencies:
      "path-type" "^4.0.0"
  
  "dot-prop@^5.2.0":
    "integrity" "sha1-kMzOcIzZzYLMTcjD3dmr3VWyDog="
    "resolved" "https://globaldevtools.bbva.com:443/artifactory/api/npm/npm-repo/dot-prop/-/dot-prop-5.3.0.tgz"
    "version" "5.3.0"
    dependencies:
      "is-obj" "^2.0.0"
  
  "dotenv@8.2.0":
    "integrity" "sha1-l+YZJZradQ7qPk6j4mvO6lQksWo="
    "resolved" "https://globaldevtools.bbva.com:443/artifactory/api/npm/npm-repo/dotenv/-/dotenv-8.2.0.tgz"
    "version" "8.2.0"
  
  "duplexer3@^0.1.4":
    "integrity" "sha1-7gHdHKwO08vH/b6jfcCo8c4ALOI="
    "resolved" "https://globaldevtools.bbva.com:443/artifactory/api/npm/npm-repo/duplexer3/-/duplexer3-0.1.4.tgz"
    "version" "0.1.4"
  
  "emoji-regex@^8.0.0":
    "integrity" "sha1-6Bj9ac5cz8tARZT4QpY79TFkzDc="
    "resolved" "https://globaldevtools.bbva.com:443/artifactory/api/npm/npm-repo/emoji-regex/-/emoji-regex-8.0.0.tgz"
    "version" "8.0.0"
  
  "end-of-stream@^1.1.0":
    "integrity" "sha1-WuZKX0UFe682JuwU2gyl5LJDHrA="
    "resolved" "https://globaldevtools.bbva.com:443/artifactory/api/npm/npm-repo/end-of-stream/-/end-of-stream-1.4.4.tgz"
    "version" "1.4.4"
    dependencies:
      "once" "^1.4.0"
  
  "escape-goat@^2.0.0":
    "integrity" "sha1-Gy3HcANnbEV+x2Cy3GjttkgYhnU="
    "resolved" "https://globaldevtools.bbva.com:443/artifactory/api/npm/npm-repo/escape-goat/-/escape-goat-2.1.1.tgz"
    "version" "2.1.1"
  
  "escaya@0.0.61":
    "integrity" "sha1-+HqJ3UPYd8hrBrVbeLekZc0sXDo="
    "resolved" "https://globaldevtools.bbva.com:443/artifactory/api/npm/npm-repo/escaya/-/escaya-0.0.61.tgz"
    "version" "0.0.61"
  
  "fast-glob@^3.1.1":
    "integrity" "sha1-/Wy3otfpqnp4RhEehaGW1rL3ZqE="
    "resolved" "https://globaldevtools.bbva.com:443/artifactory/api/npm/npm-repo/fast-glob/-/fast-glob-3.2.7.tgz"
    "version" "3.2.7"
    dependencies:
      "@nodelib/fs.stat" "^2.0.2"
      "@nodelib/fs.walk" "^1.2.3"
      "glob-parent" "^5.1.2"
      "merge2" "^1.3.0"
      "micromatch" "^4.0.4"
  
  "fastq@^1.6.0":
    "integrity" "sha1-YWdg+Ip1Jr38WWt8q4wYk4w2uYw="
    "resolved" "https://globaldevtools.bbva.com:443/artifactory/api/npm/npm-repo/fastq/-/fastq-1.13.0.tgz"
    "version" "1.13.0"
    dependencies:
      "reusify" "^1.0.4"
  
  "fill-range@^7.0.1":
    "integrity" "sha1-GRmmp8df44ssfHflGYU12prN2kA="
    "resolved" "https://globaldevtools.bbva.com:443/artifactory/api/npm/npm-repo/fill-range/-/fill-range-7.0.1.tgz"
    "version" "7.0.1"
    dependencies:
      "to-regex-range" "^5.0.1"
  
  "fs-extra@9.1.0":
    "integrity" "sha1-WVRGDHZKjaIJS6NVS/g55rmnyG0="
    "resolved" "https://globaldevtools.bbva.com:443/artifactory/api/npm/npm-repo/fs-extra/-/fs-extra-9.1.0.tgz"
    "version" "9.1.0"
    dependencies:
      "at-least-node" "^1.0.0"
      "graceful-fs" "^4.2.0"
      "jsonfile" "^6.0.1"
      "universalify" "^2.0.0"
  
  "fsevents@~2.3.2":
    "integrity" "sha1-ilJveLj99GI7cJ4Ll1xSwkwC/Ro="
    "resolved" "https://globaldevtools.bbva.com:443/artifactory/api/npm/npm-repo/fsevents/-/fsevents-2.3.2.tgz"
    "version" "2.3.2"
  
  "get-stream@^4.1.0":
    "integrity" "sha1-wbJVV189wh1Zv8ec09K0axw6VLU="
    "resolved" "https://globaldevtools.bbva.com:443/artifactory/api/npm/npm-repo/get-stream/-/get-stream-4.1.0.tgz"
    "version" "4.1.0"
    dependencies:
      "pump" "^3.0.0"
  
  "get-stream@^5.1.0":
    "integrity" "sha1-SWaheV7lrOZecGxLe+txJX1uItM="
    "resolved" "https://globaldevtools.bbva.com:443/artifactory/api/npm/npm-repo/get-stream/-/get-stream-5.2.0.tgz"
    "version" "5.2.0"
    dependencies:
      "pump" "^3.0.0"
  
  "glob-parent@^5.1.2", "glob-parent@~5.1.2":
    "integrity" "sha1-hpgyxYA0/mikCTwX3BXoNA2EAcQ="
    "resolved" "https://globaldevtools.bbva.com:443/artifactory/api/npm/npm-repo/glob-parent/-/glob-parent-5.1.2.tgz"
    "version" "5.1.2"
    dependencies:
      "is-glob" "^4.0.1"
  
  "global-dirs@^3.0.0":
    "integrity" "sha1-cKdv6E6jFas3sfVXbL3n1I73JoY="
    "resolved" "https://globaldevtools.bbva.com:443/artifactory/api/npm/npm-repo/global-dirs/-/global-dirs-3.0.0.tgz"
    "version" "3.0.0"
    dependencies:
      "ini" "2.0.0"
  
  "globby@11.0.3":
    "integrity" "sha1-mx8MtSPhcd0a2MeyqftLZEuVk8s="
    "resolved" "https://globaldevtools.bbva.com:443/artifactory/api/npm/npm-repo/globby/-/globby-11.0.3.tgz"
    "version" "11.0.3"
    dependencies:
      "array-union" "^2.1.0"
      "dir-glob" "^3.0.1"
      "fast-glob" "^3.1.1"
      "ignore" "^5.1.4"
      "merge2" "^1.3.0"
      "slash" "^3.0.0"
  
  "got@^9.6.0":
    "integrity" "sha1-7fRefWf5lUVwXeH3u+7rEhdl7YU="
    "resolved" "https://globaldevtools.bbva.com:443/artifactory/api/npm/npm-repo/got/-/got-9.6.0.tgz"
    "version" "9.6.0"
    dependencies:
      "@sindresorhus/is" "^0.14.0"
      "@szmarczak/http-timer" "^1.1.2"
      "cacheable-request" "^6.0.0"
      "decompress-response" "^3.3.0"
      "duplexer3" "^0.1.4"
      "get-stream" "^4.1.0"
      "lowercase-keys" "^1.0.1"
      "mimic-response" "^1.0.1"
      "p-cancelable" "^1.0.0"
      "to-readable-stream" "^1.0.0"
      "url-parse-lax" "^3.0.0"
  
  "graceful-fs@^4.1.2", "graceful-fs@^4.1.6", "graceful-fs@^4.2.0":
    "integrity" "sha1-5BK40z9eAGWTy9PO5t+fLOu+gCo="
    "resolved" "https://globaldevtools.bbva.com:443/artifactory/api/npm/npm-repo/graceful-fs/-/graceful-fs-4.2.8.tgz"
    "version" "4.2.8"
  
  "has-flag@^3.0.0":
    "integrity" "sha1-tdRU3CGZriJWmfNGfloH87lVuv0="
    "resolved" "https://globaldevtools.bbva.com:443/artifactory/api/npm/npm-repo/has-flag/-/has-flag-3.0.0.tgz"
    "version" "3.0.0"
  
  "has-flag@^4.0.0":
    "integrity" "sha1-lEdx/ZyByBJlxNaUGGDaBrtZR5s="
    "resolved" "https://globaldevtools.bbva.com:443/artifactory/api/npm/npm-repo/has-flag/-/has-flag-4.0.0.tgz"
    "version" "4.0.0"
  
  "has-yarn@^2.1.0":
    "integrity" "sha1-E34RNUp7W/EapctknPDG8/8rLnc="
    "resolved" "https://globaldevtools.bbva.com:443/artifactory/api/npm/npm-repo/has-yarn/-/has-yarn-2.1.0.tgz"
    "version" "2.1.0"
  
  "http-cache-semantics@^4.0.0":
    "integrity" "sha1-SekcXL82yblLz81xwj1SSex045A="
    "resolved" "https://globaldevtools.bbva.com:443/artifactory/api/npm/npm-repo/http-cache-semantics/-/http-cache-semantics-4.1.0.tgz"
    "version" "4.1.0"
  
  "ignore-by-default@^1.0.1":
    "integrity" "sha1-SMptcvbGo68Aqa1K5odr44ieKwk="
    "resolved" "https://globaldevtools.bbva.com:443/artifactory/api/npm/npm-repo/ignore-by-default/-/ignore-by-default-1.0.1.tgz"
    "version" "1.0.1"
  
  "ignore@^5.1.4":
    "integrity" "sha1-bTusj6f+DUXZ+b57rC/CeVd+NFo="
    "resolved" "https://globaldevtools.bbva.com:443/artifactory/api/npm/npm-repo/ignore/-/ignore-5.2.0.tgz"
    "version" "5.2.0"
  
  "import-lazy@^2.1.0":
    "integrity" "sha1-BWmOPUXIjo1+nZLLBYTnfwlvPkM="
    "resolved" "https://globaldevtools.bbva.com:443/artifactory/api/npm/npm-repo/import-lazy/-/import-lazy-2.1.0.tgz"
    "version" "2.1.0"
  
  "imurmurhash@^0.1.4":
    "integrity" "sha1-khi5srkoojixPcT7a21XbyMUU+o="
    "resolved" "https://globaldevtools.bbva.com:443/artifactory/api/npm/npm-repo/imurmurhash/-/imurmurhash-0.1.4.tgz"
    "version" "0.1.4"
  
  "ini@~1.3.0":
    "integrity" "sha1-op2kJbSIBvNHZ6Tvzjlyaa8oQyw="
    "resolved" "https://globaldevtools.bbva.com:443/artifactory/api/npm/npm-repo/ini/-/ini-1.3.8.tgz"
    "version" "1.3.8"
  
  "ini@2.0.0":
    "integrity" "sha1-5f1Vbs3VcmvpePoQAYYurLCpS8U="
    "resolved" "https://globaldevtools.bbva.com:443/artifactory/api/npm/npm-repo/ini/-/ini-2.0.0.tgz"
    "version" "2.0.0"
  
  "is-binary-path@~2.1.0":
    "integrity" "sha1-6h9/O4DwZCNug0cPhsCcJU+0Wwk="
    "resolved" "https://globaldevtools.bbva.com:443/artifactory/api/npm/npm-repo/is-binary-path/-/is-binary-path-2.1.0.tgz"
    "version" "2.1.0"
    dependencies:
      "binary-extensions" "^2.0.0"
  
  "is-ci@^2.0.0":
    "integrity" "sha1-a8YzQYGBDgS1wis9WJ/cpVAmQEw="
    "resolved" "https://globaldevtools.bbva.com:443/artifactory/api/npm/npm-repo/is-ci/-/is-ci-2.0.0.tgz"
    "version" "2.0.0"
    dependencies:
      "ci-info" "^2.0.0"
  
  "is-extglob@^2.1.1":
    "integrity" "sha1-qIwCU1eR8C7TfHahueqXc8gz+MI="
    "resolved" "https://globaldevtools.bbva.com:443/artifactory/api/npm/npm-repo/is-extglob/-/is-extglob-2.1.1.tgz"
    "version" "2.1.1"
  
  "is-fullwidth-code-point@^3.0.0":
    "integrity" "sha1-8Rb4Bk/pCz94RKOJl8C3UFEmnx0="
    "resolved" "https://globaldevtools.bbva.com:443/artifactory/api/npm/npm-repo/is-fullwidth-code-point/-/is-fullwidth-code-point-3.0.0.tgz"
    "version" "3.0.0"
  
  "is-glob@^4.0.1", "is-glob@~4.0.1":
    "integrity" "sha1-ZPYeQsu7LuwgcanawLKLoeZdUIQ="
    "resolved" "https://globaldevtools.bbva.com:443/artifactory/api/npm/npm-repo/is-glob/-/is-glob-4.0.3.tgz"
    "version" "4.0.3"
    dependencies:
      "is-extglob" "^2.1.1"
  
  "is-installed-globally@^0.4.0":
    "integrity" "sha1-mg/UB5ScMPhutpWe8beZTtC3tSA="
    "resolved" "https://globaldevtools.bbva.com:443/artifactory/api/npm/npm-repo/is-installed-globally/-/is-installed-globally-0.4.0.tgz"
    "version" "0.4.0"
    dependencies:
      "global-dirs" "^3.0.0"
      "is-path-inside" "^3.0.2"
  
  "is-npm@^5.0.0":
    "integrity" "sha1-Q+jWXMVuG2f41HJiz2ZwmRk/Rag="
    "resolved" "https://globaldevtools.bbva.com:443/artifactory/api/npm/npm-repo/is-npm/-/is-npm-5.0.0.tgz"
    "version" "5.0.0"
  
  "is-number@^7.0.0":
    "integrity" "sha1-dTU0W4lnNNX4DE0GxQlVUnoU8Ss="
    "resolved" "https://globaldevtools.bbva.com:443/artifactory/api/npm/npm-repo/is-number/-/is-number-7.0.0.tgz"
    "version" "7.0.0"
  
  "is-obj@^2.0.0":
    "integrity" "sha1-Rz+wXZc3BeP9liBUUBjKjiLvSYI="
    "resolved" "https://globaldevtools.bbva.com:443/artifactory/api/npm/npm-repo/is-obj/-/is-obj-2.0.0.tgz"
    "version" "2.0.0"
  
  "is-path-inside@^3.0.2":
    "integrity" "sha1-0jE2LlOgf/Kw4Op/7QSRYf/RYoM="
    "resolved" "https://globaldevtools.bbva.com:443/artifactory/api/npm/npm-repo/is-path-inside/-/is-path-inside-3.0.3.tgz"
    "version" "3.0.3"
  
  "is-typedarray@^1.0.0":
    "integrity" "sha1-5HnICFjfDBsR3dppQPlgEfzaSpo="
    "resolved" "https://globaldevtools.bbva.com:443/artifactory/api/npm/npm-repo/is-typedarray/-/is-typedarray-1.0.0.tgz"
    "version" "1.0.0"
  
  "is-yarn-global@^0.3.0":
    "integrity" "sha1-1QLTOCWQ6jAEiTdGdUyJE5lz4jI="
    "resolved" "https://globaldevtools.bbva.com:443/artifactory/api/npm/npm-repo/is-yarn-global/-/is-yarn-global-0.3.0.tgz"
    "version" "0.3.0"
  
  "json-buffer@3.0.0":
    "integrity" "sha1-Wx85evx11ne96Lz8Dkfh+aPZqJg="
    "resolved" "https://globaldevtools.bbva.com:443/artifactory/api/npm/npm-repo/json-buffer/-/json-buffer-3.0.0.tgz"
    "version" "3.0.0"
  
  "jsonfile@^6.0.1":
    "integrity" "sha1-vFWyY0eTxnnsZAMJTrE2mKbsCq4="
    "resolved" "https://globaldevtools.bbva.com:443/artifactory/api/npm/npm-repo/jsonfile/-/jsonfile-6.1.0.tgz"
    "version" "6.1.0"
    dependencies:
      "universalify" "^2.0.0"
    optionalDependencies:
      "graceful-fs" "^4.1.6"
  
  "keyv@^3.0.0":
    "integrity" "sha1-7MIoSG9pmR5J6UdkhaW+Ho/FxNk="
    "resolved" "https://globaldevtools.bbva.com:443/artifactory/api/npm/npm-repo/keyv/-/keyv-3.1.0.tgz"
    "version" "3.1.0"
    dependencies:
      "json-buffer" "3.0.0"
  
  "latest-version@^5.1.0":
    "integrity" "sha1-EZ3+kI/jjRXfpD7NE/oS7Igy+s4="
    "resolved" "https://globaldevtools.bbva.com:443/artifactory/api/npm/npm-repo/latest-version/-/latest-version-5.1.0.tgz"
    "version" "5.1.0"
    dependencies:
      "package-json" "^6.3.0"
  
  "lowercase-keys@^1.0.0", "lowercase-keys@^1.0.1":
    "integrity" "sha1-b54wtHCE2XGnyCD/FabFFnt0wm8="
    "resolved" "https://globaldevtools.bbva.com:443/artifactory/api/npm/npm-repo/lowercase-keys/-/lowercase-keys-1.0.1.tgz"
    "version" "1.0.1"
  
  "lowercase-keys@^2.0.0":
    "integrity" "sha1-JgPni3tLAAbLyi+8yKMgJVislHk="
    "resolved" "https://globaldevtools.bbva.com:443/artifactory/api/npm/npm-repo/lowercase-keys/-/lowercase-keys-2.0.0.tgz"
    "version" "2.0.0"
  
  "lru-cache@^6.0.0":
    "integrity" "sha1-bW/mVw69lqr5D8rR2vo7JWbbOpQ="
    "resolved" "https://globaldevtools.bbva.com:443/artifactory/api/npm/npm-repo/lru-cache/-/lru-cache-6.0.0.tgz"
    "version" "6.0.0"
    dependencies:
      "yallist" "^4.0.0"
  
  "make-dir@^3.0.0":
    "integrity" "sha1-QV6WcEazp/HRhSd9hKpYIDcmoT8="
    "resolved" "https://globaldevtools.bbva.com:443/artifactory/api/npm/npm-repo/make-dir/-/make-dir-3.1.0.tgz"
    "version" "3.1.0"
    dependencies:
      "semver" "^6.0.0"
  
  "make-error@^1.1.1":
    "integrity" "sha1-LrLjfqm2fEiR9oShOUeZr0hM96I="
    "resolved" "https://globaldevtools.bbva.com:443/artifactory/api/npm/npm-repo/make-error/-/make-error-1.3.6.tgz"
    "version" "1.3.6"
  
  "merge2@^1.3.0":
    "integrity" "sha1-Q2iJL4hekHRVpv19xVwMnUBJkK4="
    "resolved" "https://globaldevtools.bbva.com:443/artifactory/api/npm/npm-repo/merge2/-/merge2-1.4.1.tgz"
    "version" "1.4.1"
  
  "micromatch@^4.0.4":
    "integrity" "sha1-iW1Rnf6dsl/OlM63pQCRm/iB6/k="
    "resolved" "https://globaldevtools.bbva.com:443/artifactory/api/npm/npm-repo/micromatch/-/micromatch-4.0.4.tgz"
    "version" "4.0.4"
    dependencies:
      "braces" "^3.0.1"
      "picomatch" "^2.2.3"
  
  "mimic-response@^1.0.0", "mimic-response@^1.0.1":
    "integrity" "sha1-SSNTiHju9CBjy4o+OweYeBSHqxs="
    "resolved" "https://globaldevtools.bbva.com:443/artifactory/api/npm/npm-repo/mimic-response/-/mimic-response-1.0.1.tgz"
    "version" "1.0.1"
  
  "minimatch@^3.0.4":
    "integrity" "sha1-UWbihkV/AzBgZL5Ul+jbsMPTIIM="
    "resolved" "https://globaldevtools.bbva.com:443/artifactory/api/npm/npm-repo/minimatch/-/minimatch-3.0.4.tgz"
    "version" "3.0.4"
    dependencies:
      "brace-expansion" "^1.1.7"
  
  "minimist@^1.2.0":
    "integrity" "sha1-Z9ZgFLZqaoqqDAg8X9WN9OTpdgI="
    "resolved" "https://globaldevtools.bbva.com:443/artifactory/api/npm/npm-repo/minimist/-/minimist-1.2.5.tgz"
    "version" "1.2.5"
  
  "ms@^2.1.1":
    "integrity" "sha1-V0yBOM4dK1hh8LRFedut1gxmFbI="
    "resolved" "https://globaldevtools.bbva.com:443/artifactory/api/npm/npm-repo/ms/-/ms-2.1.3.tgz"
    "version" "2.1.3"
  
  "nodemon@^2.0.15":
    "integrity" "sha1-UEUWzjtD2dyalVzNnsV1UKMajU4="
    "resolved" "https://globaldevtools.bbva.com:443/artifactory/api/npm/npm-repo/nodemon/-/nodemon-2.0.15.tgz"
    "version" "2.0.15"
    dependencies:
      "chokidar" "^3.5.2"
      "debug" "^3.2.7"
      "ignore-by-default" "^1.0.1"
      "minimatch" "^3.0.4"
      "pstree.remy" "^1.1.8"
      "semver" "^5.7.1"
      "supports-color" "^5.5.0"
      "touch" "^3.1.0"
      "undefsafe" "^2.0.5"
      "update-notifier" "^5.1.0"
  
  "nopt@~1.0.10":
    "integrity" "sha1-bd0hvSoxQXuScn3Vhfim83YI6+4="
    "resolved" "https://globaldevtools.bbva.com:443/artifactory/api/npm/npm-repo/nopt/-/nopt-1.0.10.tgz"
    "version" "1.0.10"
    dependencies:
      "abbrev" "1"
  
  "normalize-path@^3.0.0", "normalize-path@~3.0.0":
    "integrity" "sha1-Dc1p/yOhybEf0JeDFmRKA4ghamU="
    "resolved" "https://globaldevtools.bbva.com:443/artifactory/api/npm/npm-repo/normalize-path/-/normalize-path-3.0.0.tgz"
    "version" "3.0.0"
  
  "normalize-url@^4.1.0":
    "integrity" "sha1-DdkM8SiO4dExO4cIHJpZMu5IUYo="
    "resolved" "https://globaldevtools.bbva.com:443/artifactory/api/npm/npm-repo/normalize-url/-/normalize-url-4.5.1.tgz"
    "version" "4.5.1"
  
  "once@^1.3.1", "once@^1.4.0":
    "integrity" "sha1-WDsap3WWHUsROsF9nFC6753Xa9E="
    "resolved" "https://globaldevtools.bbva.com:443/artifactory/api/npm/npm-repo/once/-/once-1.4.0.tgz"
    "version" "1.4.0"
    dependencies:
      "wrappy" "1"
  
  "p-cancelable@^1.0.0":
    "integrity" "sha1-0HjRWjr0CSIMiG8dmgyi5EGrJsw="
    "resolved" "https://globaldevtools.bbva.com:443/artifactory/api/npm/npm-repo/p-cancelable/-/p-cancelable-1.1.0.tgz"
    "version" "1.1.0"
  
  "package-json@^6.3.0":
    "integrity" "sha1-b+7ayjXnVyWHbQsOZJdGl/7RRbA="
    "resolved" "https://globaldevtools.bbva.com:443/artifactory/api/npm/npm-repo/package-json/-/package-json-6.5.0.tgz"
    "version" "6.5.0"
    dependencies:
      "got" "^9.6.0"
      "registry-auth-token" "^4.0.0"
      "registry-url" "^5.0.0"
      "semver" "^6.2.0"
  
  "path-type@^4.0.0":
    "integrity" "sha1-hO0BwKe6OAr+CdkKjBgNzZ0DBDs="
    "resolved" "https://globaldevtools.bbva.com:443/artifactory/api/npm/npm-repo/path-type/-/path-type-4.0.0.tgz"
    "version" "4.0.0"
  
  "picomatch@^2.0.4", "picomatch@^2.2.1", "picomatch@^2.2.3":
    "integrity" "sha1-O6ODNzNkbZ0+SZWUbBNlpn+wekI="
    "resolved" "https://globaldevtools.bbva.com:443/artifactory/api/npm/npm-repo/picomatch/-/picomatch-2.3.1.tgz"
    "version" "2.3.1"
  
  "prepend-http@^2.0.0":
    "integrity" "sha1-6SQ0v6XqjBn0HN/UAddBo8gZ2Jc="
    "resolved" "https://globaldevtools.bbva.com:443/artifactory/api/npm/npm-repo/prepend-http/-/prepend-http-2.0.0.tgz"
    "version" "2.0.0"
  
  "pstree.remy@^1.1.8":
    "integrity" "sha1-wkIiT0pnwh9oaDm720rCgrg3PTo="
    "resolved" "https://globaldevtools.bbva.com:443/artifactory/api/npm/npm-repo/pstree.remy/-/pstree.remy-1.1.8.tgz"
    "version" "1.1.8"
  
  "pump@^3.0.0":
    "integrity" "sha1-tKIRaBW94vTh6mAjVOjHVWUQemQ="
    "resolved" "https://globaldevtools.bbva.com:443/artifactory/api/npm/npm-repo/pump/-/pump-3.0.0.tgz"
    "version" "3.0.0"
    dependencies:
      "end-of-stream" "^1.1.0"
      "once" "^1.3.1"
  
  "pupa@^2.1.1":
    "integrity" "sha1-9ej9SvwsXZeCj6pSNUnth0SiDWI="
    "resolved" "https://globaldevtools.bbva.com:443/artifactory/api/npm/npm-repo/pupa/-/pupa-2.1.1.tgz"
    "version" "2.1.1"
    dependencies:
      "escape-goat" "^2.0.0"
  
  "queue-microtask@^1.2.2":
    "integrity" "sha1-SSkii7xyTfrEPg77BYyve2z7YkM="
    "resolved" "https://globaldevtools.bbva.com:443/artifactory/api/npm/npm-repo/queue-microtask/-/queue-microtask-1.2.3.tgz"
    "version" "1.2.3"
  
  "rc@^1.2.8":
    "integrity" "sha1-zZJL9SAKB1uDwYjNa54hG3/A0+0="
    "resolved" "https://globaldevtools.bbva.com:443/artifactory/api/npm/npm-repo/rc/-/rc-1.2.8.tgz"
    "version" "1.2.8"
    dependencies:
      "deep-extend" "^0.6.0"
      "ini" "~1.3.0"
      "minimist" "^1.2.0"
      "strip-json-comments" "~2.0.1"
  
  "readdirp@~3.6.0":
    "integrity" "sha1-dKNwvYVxFuJFspzJc0DNQxoCpsc="
    "resolved" "https://globaldevtools.bbva.com:443/artifactory/api/npm/npm-repo/readdirp/-/readdirp-3.6.0.tgz"
    "version" "3.6.0"
    dependencies:
      "picomatch" "^2.2.1"
  
  "reflect-metadata@0.1.13":
    "integrity" "sha1-Z648pXyXKiqhZCsQ/jY/4y1J3Ag="
    "resolved" "https://globaldevtools.bbva.com:443/artifactory/api/npm/npm-repo/reflect-metadata/-/reflect-metadata-0.1.13.tgz"
    "version" "0.1.13"
  
  "registry-auth-token@^4.0.0":
    "integrity" "sha1-bXtABkQZGJcszV/tzUHcMix5slA="
    "resolved" "https://globaldevtools.bbva.com:443/artifactory/api/npm/npm-repo/registry-auth-token/-/registry-auth-token-4.2.1.tgz"
    "version" "4.2.1"
    dependencies:
      "rc" "^1.2.8"
  
  "registry-url@^5.0.0":
    "integrity" "sha1-6YM0tQ1UNLgRNrROxjjZwgCcUAk="
    "resolved" "https://globaldevtools.bbva.com:443/artifactory/api/npm/npm-repo/registry-url/-/registry-url-5.1.0.tgz"
    "version" "5.1.0"
    dependencies:
      "rc" "^1.2.8"
  
  "responselike@^1.0.2":
    "integrity" "sha1-kYcg7ztjHFZCvgaPFa3lpG9Loec="
    "resolved" "https://globaldevtools.bbva.com:443/artifactory/api/npm/npm-repo/responselike/-/responselike-1.0.2.tgz"
    "version" "1.0.2"
    dependencies:
      "lowercase-keys" "^1.0.0"
  
  "reusify@^1.0.4":
    "integrity" "sha1-kNo4Kx4SbvwCFG6QhFqI2xKSXXY="
    "resolved" "https://globaldevtools.bbva.com:443/artifactory/api/npm/npm-repo/reusify/-/reusify-1.0.4.tgz"
    "version" "1.0.4"
  
  "run-parallel@^1.1.9":
    "integrity" "sha1-ZtE2jae9+SHrnZW9GpIp5/IaQ+4="
    "resolved" "https://globaldevtools.bbva.com:443/artifactory/api/npm/npm-repo/run-parallel/-/run-parallel-1.2.0.tgz"
    "version" "1.2.0"
    dependencies:
      "queue-microtask" "^1.2.2"
  
  "semver-diff@^3.1.1":
    "integrity" "sha1-Bfd85Z8yXgDicGr9Z7tQbdscoys="
    "resolved" "https://globaldevtools.bbva.com:443/artifactory/api/npm/npm-repo/semver-diff/-/semver-diff-3.1.1.tgz"
    "version" "3.1.1"
    dependencies:
      "semver" "^6.3.0"
  
  "semver@^5.7.1":
    "integrity" "sha1-qVT5Ma66UI0we78Gnv8MAclhFvc="
    "resolved" "https://globaldevtools.bbva.com:443/artifactory/api/npm/npm-repo/semver/-/semver-5.7.1.tgz"
    "version" "5.7.1"
  
  "semver@^6.0.0", "semver@^6.2.0", "semver@^6.3.0":
    "integrity" "sha1-7gpkyK9ejO6mdoexM3YeG+y9HT0="
    "resolved" "https://globaldevtools.bbva.com:443/artifactory/api/npm/npm-repo/semver/-/semver-6.3.0.tgz"
    "version" "6.3.0"
  
  "semver@^7.3.4":
    "integrity" "sha1-C2Ich5NI2JmOSw5L6Us/EuYBjvc="
    "resolved" "https://globaldevtools.bbva.com:443/artifactory/api/npm/npm-repo/semver/-/semver-7.3.5.tgz"
    "version" "7.3.5"
    dependencies:
      "lru-cache" "^6.0.0"
  
  "signal-exit@^3.0.2":
    "integrity" "sha1-JOYwxLDwP+pEaivSmeYrSmyo0K8="
    "resolved" "https://globaldevtools.bbva.com:443/artifactory/api/npm/npm-repo/signal-exit/-/signal-exit-3.0.6.tgz"
    "version" "3.0.6"
  
  "slash@^3.0.0":
    "integrity" "sha1-ZTm+hwwWWtvVJAIg2+Nh8bxNRjQ="
    "resolved" "https://globaldevtools.bbva.com:443/artifactory/api/npm/npm-repo/slash/-/slash-3.0.0.tgz"
    "version" "3.0.0"
  
  "string-width@^4.0.0", "string-width@^4.1.0", "string-width@^4.2.2":
    "integrity" "sha1-JpxxF9J7Ba0uU2gwqOyJXvnG0BA="
    "resolved" "https://globaldevtools.bbva.com:443/artifactory/api/npm/npm-repo/string-width/-/string-width-4.2.3.tgz"
    "version" "4.2.3"
    dependencies:
      "emoji-regex" "^8.0.0"
      "is-fullwidth-code-point" "^3.0.0"
      "strip-ansi" "^6.0.1"
  
  "strip-ansi@^6.0.0", "strip-ansi@^6.0.1":
    "integrity" "sha1-nibGPTD1NEPpSJSVshBdN7Z6hdk="
    "resolved" "https://globaldevtools.bbva.com:443/artifactory/api/npm/npm-repo/strip-ansi/-/strip-ansi-6.0.1.tgz"
    "version" "6.0.1"
    dependencies:
      "ansi-regex" "^5.0.1"
  
  "strip-json-comments@~2.0.1":
    "integrity" "sha1-PFMZQukIwml8DsNEhYwobHygpgo="
    "resolved" "https://globaldevtools.bbva.com:443/artifactory/api/npm/npm-repo/strip-json-comments/-/strip-json-comments-2.0.1.tgz"
    "version" "2.0.1"
  
  "strip-json-comments@3.1.1":
    "integrity" "sha1-MfEoGzgyYwQ0gxwxDAHMzajL4AY="
    "resolved" "https://globaldevtools.bbva.com:443/artifactory/api/npm/npm-repo/strip-json-comments/-/strip-json-comments-3.1.1.tgz"
    "version" "3.1.1"
  
  "supports-color@^5.5.0":
    "integrity" "sha1-4uaaRKyHcveKHsCzW2id9lMO/I8="
    "resolved" "https://globaldevtools.bbva.com:443/artifactory/api/npm/npm-repo/supports-color/-/supports-color-5.5.0.tgz"
    "version" "5.5.0"
    dependencies:
      "has-flag" "^3.0.0"
  
  "supports-color@^7.1.0":
    "integrity" "sha1-G33NyzK4E4gBs+R4umpRyqiWSNo="
    "resolved" "https://globaldevtools.bbva.com:443/artifactory/api/npm/npm-repo/supports-color/-/supports-color-7.2.0.tgz"
    "version" "7.2.0"
    dependencies:
      "has-flag" "^4.0.0"
  
  "to-readable-stream@^1.0.0":
    "integrity" "sha1-zgqgwvPfat+FLvtASng+d8BHV3E="
    "resolved" "https://globaldevtools.bbva.com:443/artifactory/api/npm/npm-repo/to-readable-stream/-/to-readable-stream-1.0.0.tgz"
    "version" "1.0.0"
  
  "to-regex-range@^5.0.1":
    "integrity" "sha1-FkjESq58jZiKMmAY7XL1tN0DkuQ="
    "resolved" "https://globaldevtools.bbva.com:443/artifactory/api/npm/npm-repo/to-regex-range/-/to-regex-range-5.0.1.tgz"
    "version" "5.0.1"
    dependencies:
      "is-number" "^7.0.0"
  
  "touch@^3.1.0":
    "integrity" "sha1-/jZfX3XsntTlaCXgu3bSSrdK+Ds="
    "resolved" "https://globaldevtools.bbva.com:443/artifactory/api/npm/npm-repo/touch/-/touch-3.1.0.tgz"
    "version" "3.1.0"
    dependencies:
      "nopt" "~1.0.10"
  
  "ts-node@^10.4.0":
    "integrity" "sha1-aA+IlFiF9ObPRQ5/DWIj3UBIlfc="
    "resolved" "https://globaldevtools.bbva.com:443/artifactory/api/npm/npm-repo/ts-node/-/ts-node-10.4.0.tgz"
    "version" "10.4.0"
    dependencies:
      "@cspotcode/source-map-support" "0.7.0"
      "@tsconfig/node10" "^1.0.7"
      "@tsconfig/node12" "^1.0.7"
      "@tsconfig/node14" "^1.0.0"
      "@tsconfig/node16" "^1.0.2"
      "acorn" "^8.4.1"
      "acorn-walk" "^8.1.1"
      "arg" "^4.1.0"
      "create-require" "^1.1.0"
      "diff" "^4.0.1"
      "make-error" "^1.1.1"
      "yn" "3.1.1"
  
  "type-fest@^0.20.2":
    "integrity" "sha1-G/IH9LKPkVg2ZstfvTJ4hzAc1fQ="
    "resolved" "https://globaldevtools.bbva.com:443/artifactory/api/npm/npm-repo/type-fest/-/type-fest-0.20.2.tgz"
    "version" "0.20.2"
  
  "typedarray-to-buffer@^3.1.5":
    "integrity" "sha1-qX7nqf9CaRufeD/xvFES/j/KkIA="
    "resolved" "https://globaldevtools.bbva.com:443/artifactory/api/npm/npm-repo/typedarray-to-buffer/-/typedarray-to-buffer-3.1.5.tgz"
    "version" "3.1.5"
    dependencies:
      "is-typedarray" "^1.0.0"
  
  "typescript@^4.5.4", "typescript@>=2.7":
    "integrity" "sha1-oX06AmO/XIcjucUvQ8UITt8Twug="
    "resolved" "https://globaldevtools.bbva.com:443/artifactory/api/npm/npm-repo/typescript/-/typescript-4.5.4.tgz"
    "version" "4.5.4"
  
  "undefsafe@^2.0.5":
    "integrity" "sha1-OHM7kye9zSJtuIn7cjpu/RYubiw="
    "resolved" "https://globaldevtools.bbva.com:443/artifactory/api/npm/npm-repo/undefsafe/-/undefsafe-2.0.5.tgz"
    "version" "2.0.5"
  
  "unique-string@^2.0.0":
    "integrity" "sha1-OcZFH4GvsnSd4rIz4/fF6IQ72J0="
    "resolved" "https://globaldevtools.bbva.com:443/artifactory/api/npm/npm-repo/unique-string/-/unique-string-2.0.0.tgz"
    "version" "2.0.0"
    dependencies:
      "crypto-random-string" "^2.0.0"
  
  "universalify@^2.0.0":
    "integrity" "sha1-daSYTv7cSwiXXFrrc/Uw0C3yVxc="
    "resolved" "https://globaldevtools.bbva.com:443/artifactory/api/npm/npm-repo/universalify/-/universalify-2.0.0.tgz"
    "version" "2.0.0"
  
  "update-notifier@^5.1.0":
    "integrity" "sha1-SrDXx/NqIx3XMWz3cpMT8CFNmtk="
    "resolved" "https://globaldevtools.bbva.com:443/artifactory/api/npm/npm-repo/update-notifier/-/update-notifier-5.1.0.tgz"
    "version" "5.1.0"
    dependencies:
      "boxen" "^5.0.0"
      "chalk" "^4.1.0"
      "configstore" "^5.0.1"
      "has-yarn" "^2.1.0"
      "import-lazy" "^2.1.0"
      "is-ci" "^2.0.0"
      "is-installed-globally" "^0.4.0"
      "is-npm" "^5.0.0"
      "is-yarn-global" "^0.3.0"
      "latest-version" "^5.1.0"
      "pupa" "^2.1.1"
      "semver" "^7.3.4"
      "semver-diff" "^3.1.1"
      "xdg-basedir" "^4.0.0"
  
  "url-parse-lax@^3.0.0":
    "integrity" "sha1-FrXK/Afb42dsGxmZF3gj1lA6yww="
    "resolved" "https://globaldevtools.bbva.com:443/artifactory/api/npm/npm-repo/url-parse-lax/-/url-parse-lax-3.0.0.tgz"
    "version" "3.0.0"
    dependencies:
      "prepend-http" "^2.0.0"
  
  "widest-line@^3.1.0":
    "integrity" "sha1-gpIzO79my0X/DeFgOxNreuFJbso="
    "resolved" "https://globaldevtools.bbva.com:443/artifactory/api/npm/npm-repo/widest-line/-/widest-line-3.1.0.tgz"
    "version" "3.1.0"
    dependencies:
      "string-width" "^4.0.0"
  
  "wrap-ansi@^7.0.0":
    "integrity" "sha1-Z+FFz/UQpqaYS98RUpEdadLrnkM="
    "resolved" "https://globaldevtools.bbva.com:443/artifactory/api/npm/npm-repo/wrap-ansi/-/wrap-ansi-7.0.0.tgz"
    "version" "7.0.0"
    dependencies:
      "ansi-styles" "^4.0.0"
      "string-width" "^4.1.0"
      "strip-ansi" "^6.0.0"
  
  "wrappy@1":
    "integrity" "sha1-tSQ9jz7BqjXxNkYFvA0QNuMKtp8="
    "resolved" "https://globaldevtools.bbva.com:443/artifactory/api/npm/npm-repo/wrappy/-/wrappy-1.0.2.tgz"
    "version" "1.0.2"
  
  "write-file-atomic@^3.0.0":
    "integrity" "sha1-Vr1cWlxwSBzRnFcb05q5ZaXeVug="
    "resolved" "https://globaldevtools.bbva.com:443/artifactory/api/npm/npm-repo/write-file-atomic/-/write-file-atomic-3.0.3.tgz"
    "version" "3.0.3"
    dependencies:
      "imurmurhash" "^0.1.4"
      "is-typedarray" "^1.0.0"
      "signal-exit" "^3.0.2"
      "typedarray-to-buffer" "^3.1.5"
  
  "xdg-basedir@^4.0.0":
    "integrity" "sha1-S8jZmEQDaWIl74OhVzy7y0552xM="
    "resolved" "https://globaldevtools.bbva.com:443/artifactory/api/npm/npm-repo/xdg-basedir/-/xdg-basedir-4.0.0.tgz"
    "version" "4.0.0"
  
  "yallist@^4.0.0":
    "integrity" "sha1-m7knkNnA7/7GO+c1GeEaNQGaOnI="
    "resolved" "https://globaldevtools.bbva.com:443/artifactory/api/npm/npm-repo/yallist/-/yallist-4.0.0.tgz"
    "version" "4.0.0"
  
  "yn@3.1.1":
    "integrity" "sha1-HodAGgnXZ8HV6rJqbkwYUYLS61A="
    "resolved" "https://globaldevtools.bbva.com:443/artifactory/api/npm/npm-repo/yn/-/yn-3.1.1.tgz"
    "version" "3.1.1"
