Arguments:
  /usr/local/Cellar/node/17.3.0/bin/node /usr/local/Cellar/yarn/1.22.17_2/libexec/bin/yarn.js add reflext-metadata

PATH:
  /Users/zaquiel/google-cloud-sdk/bin:/usr/local/bin:/usr/bin:/bin:/usr/sbin:/sbin:/Library/Apple/usr/bin:/Users/zaquiel/Library/Mobile Documents/com~apple~CloudDocs/github.nosync/react-graphql/node_modules/.bin:/Applications/apache-maven-3.1.1/bin

Yarn version:
  1.22.17

Node version:
  17.3.0

Platform:
  darwin x64

Trace:
  Error: https://globaldevtools.bbva.com/artifactory/api/npm/npm-repo/reflext-metadata: not_found
      at Request.params.callback [as _callback] (/usr/local/Cellar/yarn/1.22.17_2/libexec/lib/cli.js:67029:18)
      at Request.self.callback (/usr/local/Cellar/yarn/1.22.17_2/libexec/lib/cli.js:140883:22)
      at Request.emit (node:events:390:28)
      at Request.<anonymous> (/usr/local/Cellar/yarn/1.22.17_2/libexec/lib/cli.js:141855:10)
      at Request.emit (node:events:390:28)
      at Gunzip.<anonymous> (/usr/local/Cellar/yarn/1.22.17_2/libexec/lib/cli.js:141777:12)
      at Object.onceWrapper (node:events:509:28)
      at Gunzip.emit (node:events:390:28)
      at endReadableNT (node:internal/streams/readable:1343:12)
      at processTicksAndRejections (node:internal/process/task_queues:83:21)

npm manifest:
  {
    "name": "react-graphql",
    "version": "1.0.0",
    "description": "",
    "main": "index.tsx",
    "scripts": {
      "dev": "nodemon dist/index.tsx",
      "dev2": "nodemon --exec ts-node src/index.ts",
      "start": "node dist/index.tsx",
      "start2": "ts-node src/index.ts",
      "test": "echo \"Error: no test specified\" && exit 1",
      "watch": "tsc -w"
    },
    "repository": {
      "type": "git",
      "url": "git+https://github.com/zaquielverse/react-graphql.git"
    },
    "keywords": [],
    "author": "",
    "license": "ISC",
    "bugs": {
      "url": "https://github.com/zaquielverse/react-graphql/issues"
    },
    "homepage": "https://github.com/zaquielverse/react-graphql#readme",
    "devDependencies": {
      "@types/express": "^4.17.13",
      "@types/node": "^17.0.6",
      "nodemon": "^2.0.15",
      "ts-node": "^10.4.0",
      "typescript": "^4.5.4"
    },
    "dependencies": {
      "@mikro-orm/cli": "^4.5.10",
      "@mikro-orm/core": "^4.5.10",
      "@mikro-orm/migrations": "^4.5.10",
      "@mikro-orm/postgresql": "^4.5.10",
      "apollo-server-express": "^2.16.1",
      "express": "^4.17.2",
      "graphql": "^15.3.0",
      "pg": "^8.7.1",
      "type-graphql": "^1.0.0-rc.3"
    },
    "mikro-orm": {
      "useTsNode": true,
      "configPaths": [
        "./src/mikro-orm.config.ts",
        "./dist/mikro-orm.config.js"
      ]
    }
  }

yarn manifest:
  No manifest

Lockfile:
  No lockfile
